build/app/intermediates/manifest_merge_blame_file/debug/manifest-merger-blame-debug-report.txt
1<?xml version="1.0" encoding="utf-8"?>
2<manifest xmlns:android="http://schemas.android.com/apk/res/android"
3    package="com.kitchencartage.deliveryboy"
4    android:versionCode="8"
5    android:versionName="4.0.5" >
6
7    <uses-sdk
8        android:minSdkVersion="19"
9        android:targetSdkVersion="33" />
10    <!--
11         Flutter needs it to communicate with the running application
12         to allow setting breakpoints, to provide hot reload, etc.
13    -->
14    <uses-permission android:name="android.permission.INTERNET" />
14-->src\main\AndroidManifest.xml:3:5-66
14-->src\main\AndroidManifest.xml:3:22-64
15    <uses-permission android:name="android.permission.READ_MEDIA_IMAGES" />
15-->src\main\AndroidManifest.xml:4:5-76
15-->src\main\AndroidManifest.xml:4:22-73
16    <uses-permission
16-->src\main\AndroidManifest.xml:5:5-7:38
17        android:name="android.permission.READ_EXTERNAL_STORAGE"
17-->src\main\AndroidManifest.xml:6:9-64
18        android:maxSdkVersion="32" /> <!-- Provide required visibility configuration for API level 30 and above -->
18-->src\main\AndroidManifest.xml:7:9-35
19    <queries>
19-->src\main\AndroidManifest.xml:9:5-15:15
20
21        <!-- If your app checks for call support -->
22        <intent>
22-->src\main\AndroidManifest.xml:11:9-14:18
23            <action android:name="android.intent.action.VIEW" />
23-->src\main\AndroidManifest.xml:12:13-65
23-->src\main\AndroidManifest.xml:12:21-62
24
25            <data android:scheme="tel" />
25-->src\main\AndroidManifest.xml:13:13-42
25-->src\main\AndroidManifest.xml:13:19-39
26        </intent>
27    </queries>
28
29    <uses-permission android:name="android.permission.WAKE_LOCK" />
29-->[:firebase_messaging] AndroidManifest.xml:10:5-68
29-->[:firebase_messaging] AndroidManifest.xml:10:22-65
30    <uses-permission android:name="android.permission.ACCESS_NETWORK_STATE" /> <!-- Permissions options for the `notification` group -->
30-->[:firebase_messaging] AndroidManifest.xml:11:5-79
30-->[:firebase_messaging] AndroidManifest.xml:11:22-76
31    <uses-permission android:name="android.permission.POST_NOTIFICATIONS" />
31-->[:firebase_messaging] AndroidManifest.xml:13:5-77
31-->[:firebase_messaging] AndroidManifest.xml:13:22-74
32    <uses-permission android:name="android.permission.RECEIVE_BOOT_COMPLETED" />
32-->[:flutter_local_notifications] AndroidManifest.xml:9:5-81
32-->[:flutter_local_notifications] AndroidManifest.xml:9:22-78
33    <uses-permission android:name="android.permission.VIBRATE" />
33-->[:flutter_local_notifications] AndroidManifest.xml:10:5-66
33-->[:flutter_local_notifications] AndroidManifest.xml:10:22-63
34    <uses-permission android:name="android.permission.USE_FULL_SCREEN_INTENT" />
34-->[:flutter_local_notifications] AndroidManifest.xml:11:5-81
34-->[:flutter_local_notifications] AndroidManifest.xml:11:22-78
35    <uses-permission android:name="android.permission.SCHEDULE_EXACT_ALARM" /> <!-- Required by older versions of Google Play services to create IID tokens -->
35-->[:flutter_local_notifications] AndroidManifest.xml:12:5-79
35-->[:flutter_local_notifications] AndroidManifest.xml:12:22-76
36    <uses-permission android:name="com.google.android.c2dm.permission.RECEIVE" />
36-->[com.google.firebase:firebase-messaging:23.1.2] AndroidManifest.xml:28:5-82
36-->[com.google.firebase:firebase-messaging:23.1.2] AndroidManifest.xml:28:22-79
37
38    <permission
38-->[androidx.core:core:1.10.1] AndroidManifest.xml:22:5-24:47
39        android:name="com.kitchencartage.deliveryboy.DYNAMIC_RECEIVER_NOT_EXPORTED_PERMISSION"
39-->[androidx.core:core:1.10.1] AndroidManifest.xml:23:9-81
40        android:protectionLevel="signature" />
40-->[androidx.core:core:1.10.1] AndroidManifest.xml:24:9-44
41
42    <uses-permission android:name="com.kitchencartage.deliveryboy.DYNAMIC_RECEIVER_NOT_EXPORTED_PERMISSION" />
42-->[androidx.core:core:1.10.1] AndroidManifest.xml:26:5-97
42-->[androidx.core:core:1.10.1] AndroidManifest.xml:26:22-94
43
44    <application
44-->src\main\AndroidManifest.xml:16:5-57:19
45        android:name="androidx.multidex.MultiDexApplication"
46        android:appComponentFactory="androidx.core.app.CoreComponentFactory"
46-->[androidx.core:core:1.10.1] AndroidManifest.xml:28:18-86
47        android:debuggable="true"
48        android:icon="@mipmap/ic_launcher"
48-->src\main\AndroidManifest.xml:18:9-43
49        android:label="KC-Delivery Boy"
49-->src\main\AndroidManifest.xml:17:9-40
50        android:usesCleartextTraffic="true" >
50-->src\main\AndroidManifest.xml:19:9-44
51        <activity
51-->src\main\AndroidManifest.xml:20:9-48:20
52            android:name="com.kitchencartage.deliveryboy.MainActivity"
52-->src\main\AndroidManifest.xml:21:13-41
53            android:configChanges="orientation|keyboardHidden|keyboard|screenSize|smallestScreenSize|locale|layoutDirection|fontScale|screenLayout|density|uiMode"
53-->src\main\AndroidManifest.xml:25:13-163
54            android:exported="true"
54-->src\main\AndroidManifest.xml:22:13-36
55            android:hardwareAccelerated="true"
55-->src\main\AndroidManifest.xml:26:13-47
56            android:launchMode="singleTop"
56-->src\main\AndroidManifest.xml:23:13-43
57            android:theme="@style/LaunchTheme"
57-->src\main\AndroidManifest.xml:24:13-47
58            android:windowSoftInputMode="adjustResize" >
58-->src\main\AndroidManifest.xml:27:13-55
59
60            <!--
61                 Specifies an Android theme to apply to this Activity as soon as
62                 the Android process has started. This theme is visible to the user
63                 while the Flutter UI initializes. After that, this theme continues
64                 to determine the Window background behind the Flutter UI.
65            -->
66            <meta-data
66-->src\main\AndroidManifest.xml:32:13-35:17
67                android:name="io.flutter.embedding.android.NormalTheme"
67-->src\main\AndroidManifest.xml:33:15-70
68                android:resource="@style/NormalTheme" />
68-->src\main\AndroidManifest.xml:34:15-52
69            <meta-data
69-->src\main\AndroidManifest.xml:36:13-39:17
70                android:name="io.flutter.embedding.android.SplashScreenDrawable"
70-->src\main\AndroidManifest.xml:37:15-79
71                android:resource="@drawable/launch_background" />
71-->src\main\AndroidManifest.xml:38:15-61
72
73            <intent-filter>
73-->src\main\AndroidManifest.xml:40:13-43:29
74                <action android:name="FLUTTER_NOTIFICATION_CLICK" />
74-->src\main\AndroidManifest.xml:41:17-69
74-->src\main\AndroidManifest.xml:41:25-66
75
76                <category android:name="android.intent.category.DEFAULT" />
76-->src\main\AndroidManifest.xml:42:17-76
76-->src\main\AndroidManifest.xml:42:27-73
77            </intent-filter>
78            <intent-filter>
78-->src\main\AndroidManifest.xml:44:13-47:29
79                <action android:name="android.intent.action.MAIN" />
79-->src\main\AndroidManifest.xml:45:17-68
79-->src\main\AndroidManifest.xml:45:25-66
80
81                <category android:name="android.intent.category.LAUNCHER" />
81-->src\main\AndroidManifest.xml:46:17-76
81-->src\main\AndroidManifest.xml:46:27-74
82            </intent-filter>
83        </activity>
84        <!--
85             Don't delete the meta-data below.
86             This is used by the Flutter tool to generate GeneratedPluginRegistrant.java
87        -->
88        <meta-data
88-->src\main\AndroidManifest.xml:51:9-53:33
89            android:name="flutterEmbedding"
89-->src\main\AndroidManifest.xml:52:13-44
90            android:value="2" />
90-->src\main\AndroidManifest.xml:53:13-30
91        <meta-data
91-->src\main\AndroidManifest.xml:54:9-56:56
92            android:name="com.google.firebase.messaging.default_notification_icon"
92-->src\main\AndroidManifest.xml:55:13-83
93            android:resource="@drawable/ic_launcher" />
93-->src\main\AndroidManifest.xml:56:13-53
94
95        <service
95-->[:firebase_auth] AndroidManifest.xml:10:9-14:19
96            android:name="com.google.firebase.components.ComponentDiscoveryService"
96-->[:firebase_auth] AndroidManifest.xml:10:18-89
97            android:directBootAware="true"
97-->[com.google.firebase:firebase-common:20.3.2] AndroidManifest.xml:34:13-43
98            android:exported="false" >
98-->[com.google.firebase:firebase-auth:22.0.0] AndroidManifest.xml:68:13-37
99            <meta-data
99-->[:firebase_auth] AndroidManifest.xml:11:13-13:85
100                android:name="com.google.firebase.components:io.flutter.plugins.firebase.auth.FlutterFirebaseAuthRegistrar"
100-->[:firebase_auth] AndroidManifest.xml:12:17-124
101                android:value="com.google.firebase.components.ComponentRegistrar" />
101-->[:firebase_auth] AndroidManifest.xml:13:17-82
102            <meta-data
102-->[:firebase_messaging] AndroidManifest.xml:38:13-40:85
103                android:name="com.google.firebase.components:io.flutter.plugins.firebase.messaging.FlutterFirebaseAppRegistrar"
103-->[:firebase_messaging] AndroidManifest.xml:39:17-128
104                android:value="com.google.firebase.components.ComponentRegistrar" />
104-->[:firebase_messaging] AndroidManifest.xml:40:17-82
105            <meta-data
105-->[:firebase_core] AndroidManifest.xml:11:13-13:85
106                android:name="com.google.firebase.components:io.flutter.plugins.firebase.core.FlutterFirebaseCoreRegistrar"
106-->[:firebase_core] AndroidManifest.xml:12:17-124
107                android:value="com.google.firebase.components.ComponentRegistrar" />
107-->[:firebase_core] AndroidManifest.xml:13:17-82
108            <meta-data
108-->[com.google.firebase:firebase-auth:22.0.0] AndroidManifest.xml:69:13-71:85
109                android:name="com.google.firebase.components:com.google.firebase.auth.FirebaseAuthRegistrar"
109-->[com.google.firebase:firebase-auth:22.0.0] AndroidManifest.xml:70:17-109
110                android:value="com.google.firebase.components.ComponentRegistrar" />
110-->[com.google.firebase:firebase-auth:22.0.0] AndroidManifest.xml:71:17-82
111            <meta-data
111-->[com.google.firebase:firebase-messaging:23.1.2] AndroidManifest.xml:55:13-57:85
112                android:name="com.google.firebase.components:com.google.firebase.messaging.FirebaseMessagingRegistrar"
112-->[com.google.firebase:firebase-messaging:23.1.2] AndroidManifest.xml:56:17-119
113                android:value="com.google.firebase.components.ComponentRegistrar" />
113-->[com.google.firebase:firebase-messaging:23.1.2] AndroidManifest.xml:57:17-82
114            <meta-data
114-->[com.google.firebase:firebase-appcheck-playintegrity:17.0.0] AndroidManifest.xml:27:13-29:85
115                android:name="com.google.firebase.components:com.google.firebase.appcheck.playintegrity.FirebaseAppCheckPlayIntegrityRegistrar"
115-->[com.google.firebase:firebase-appcheck-playintegrity:17.0.0] AndroidManifest.xml:28:17-144
116                android:value="com.google.firebase.components.ComponentRegistrar" />
116-->[com.google.firebase:firebase-appcheck-playintegrity:17.0.0] AndroidManifest.xml:29:17-82
117            <meta-data
117-->[com.google.firebase:firebase-datatransport:18.1.7] AndroidManifest.xml:27:13-29:85
118                android:name="com.google.firebase.components:com.google.firebase.datatransport.TransportRegistrar"
118-->[com.google.firebase:firebase-datatransport:18.1.7] AndroidManifest.xml:28:17-115
119                android:value="com.google.firebase.components.ComponentRegistrar" />
119-->[com.google.firebase:firebase-datatransport:18.1.7] AndroidManifest.xml:29:17-82
120            <meta-data
120-->[com.google.firebase:firebase-iid:21.1.0] AndroidManifest.xml:32:13-34:85
121                android:name="com.google.firebase.components:com.google.firebase.iid.Registrar"
121-->[com.google.firebase:firebase-iid:21.1.0] AndroidManifest.xml:33:17-96
122                android:value="com.google.firebase.components.ComponentRegistrar" />
122-->[com.google.firebase:firebase-iid:21.1.0] AndroidManifest.xml:34:17-82
123            <meta-data
123-->[com.google.firebase:firebase-installations:17.1.3] AndroidManifest.xml:17:13-19:85
124                android:name="com.google.firebase.components:com.google.firebase.installations.FirebaseInstallationsRegistrar"
124-->[com.google.firebase:firebase-installations:17.1.3] AndroidManifest.xml:18:17-127
125                android:value="com.google.firebase.components.ComponentRegistrar" />
125-->[com.google.firebase:firebase-installations:17.1.3] AndroidManifest.xml:19:17-82
126            <meta-data
126-->[com.google.firebase:firebase-appcheck:17.0.0] AndroidManifest.xml:27:13-29:85
127                android:name="com.google.firebase.components:com.google.firebase.appcheck.FirebaseAppCheckRegistrar"
127-->[com.google.firebase:firebase-appcheck:17.0.0] AndroidManifest.xml:28:17-117
128                android:value="com.google.firebase.components.ComponentRegistrar" />
128-->[com.google.firebase:firebase-appcheck:17.0.0] AndroidManifest.xml:29:17-82
129        </service>
130        <service
130-->[:firebase_messaging] AndroidManifest.xml:16:9-19:72
131            android:name="io.flutter.plugins.firebase.messaging.FlutterFirebaseMessagingBackgroundService"
131-->[:firebase_messaging] AndroidManifest.xml:17:13-107
132            android:exported="false"
132-->[:firebase_messaging] AndroidManifest.xml:18:13-37
133            android:permission="android.permission.BIND_JOB_SERVICE" />
133-->[:firebase_messaging] AndroidManifest.xml:19:13-69
134        <service
134-->[:firebase_messaging] AndroidManifest.xml:20:9-26:19
135            android:name="io.flutter.plugins.firebase.messaging.FlutterFirebaseMessagingService"
135-->[:firebase_messaging] AndroidManifest.xml:21:13-97
136            android:exported="false" >
136-->[:firebase_messaging] AndroidManifest.xml:22:13-37
137            <intent-filter>
137-->[:firebase_messaging] AndroidManifest.xml:23:13-25:29
138                <action android:name="com.google.firebase.MESSAGING_EVENT" />
138-->[:firebase_messaging] AndroidManifest.xml:24:17-78
138-->[:firebase_messaging] AndroidManifest.xml:24:25-75
139            </intent-filter>
140        </service>
141
142        <receiver
142-->[:firebase_messaging] AndroidManifest.xml:28:9-35:20
143            android:name="io.flutter.plugins.firebase.messaging.FlutterFirebaseMessagingReceiver"
143-->[:firebase_messaging] AndroidManifest.xml:29:13-98
144            android:exported="true"
144-->[:firebase_messaging] AndroidManifest.xml:30:13-36
145            android:permission="com.google.android.c2dm.permission.SEND" >
145-->[:firebase_messaging] AndroidManifest.xml:31:13-73
146            <intent-filter>
146-->[:firebase_messaging] AndroidManifest.xml:32:13-34:29
147                <action android:name="com.google.android.c2dm.intent.RECEIVE" />
147-->[:firebase_messaging] AndroidManifest.xml:33:17-81
147-->[:firebase_messaging] AndroidManifest.xml:33:25-78
148            </intent-filter>
149        </receiver>
150
151        <provider
151-->[:firebase_messaging] AndroidManifest.xml:43:9-47:38
152            android:name="io.flutter.plugins.firebase.messaging.FlutterFirebaseMessagingInitProvider"
152-->[:firebase_messaging] AndroidManifest.xml:44:13-102
153            android:authorities="com.kitchencartage.deliveryboy.flutterfirebasemessaginginitprovider"
153-->[:firebase_messaging] AndroidManifest.xml:45:13-88
154            android:exported="false"
154-->[:firebase_messaging] AndroidManifest.xml:46:13-37
155            android:initOrder="99" />
155-->[:firebase_messaging] AndroidManifest.xml:47:13-35
156        <provider
156-->[:image_picker_android] AndroidManifest.xml:10:9-18:20
157            android:name="io.flutter.plugins.imagepicker.ImagePickerFileProvider"
157-->[:image_picker_android] AndroidManifest.xml:11:13-82
158            android:authorities="com.kitchencartage.deliveryboy.flutter.image_provider"
158-->[:image_picker_android] AndroidManifest.xml:12:13-74
159            android:exported="false"
159-->[:image_picker_android] AndroidManifest.xml:13:13-37
160            android:grantUriPermissions="true" >
160-->[:image_picker_android] AndroidManifest.xml:14:13-47
161            <meta-data
161-->[:image_picker_android] AndroidManifest.xml:15:13-17:75
162                android:name="android.support.FILE_PROVIDER_PATHS"
162-->[:image_picker_android] AndroidManifest.xml:16:17-67
163                android:resource="@xml/flutter_image_picker_file_paths" />
163-->[:image_picker_android] AndroidManifest.xml:17:17-72
164        </provider>
165
166        <receiver
166-->[:flutter_local_notifications] AndroidManifest.xml:16:9-18:40
167            android:name="com.dexterous.flutterlocalnotifications.ActionBroadcastReceiver"
167-->[:flutter_local_notifications] AndroidManifest.xml:17:13-91
168            android:exported="false" />
168-->[:flutter_local_notifications] AndroidManifest.xml:18:13-37
169        <receiver
169-->[:flutter_local_notifications] AndroidManifest.xml:19:9-21:40
170            android:name="com.dexterous.flutterlocalnotifications.ScheduledNotificationReceiver"
170-->[:flutter_local_notifications] AndroidManifest.xml:20:13-97
171            android:exported="false" />
171-->[:flutter_local_notifications] AndroidManifest.xml:21:13-37
172        <receiver
172-->[:flutter_local_notifications] AndroidManifest.xml:22:9-31:20
173            android:name="com.dexterous.flutterlocalnotifications.ScheduledNotificationBootReceiver"
173-->[:flutter_local_notifications] AndroidManifest.xml:23:13-101
174            android:exported="false" >
174-->[:flutter_local_notifications] AndroidManifest.xml:24:13-37
175            <intent-filter>
175-->[:flutter_local_notifications] AndroidManifest.xml:25:13-30:29
176                <action android:name="android.intent.action.BOOT_COMPLETED" />
176-->[:flutter_local_notifications] AndroidManifest.xml:26:17-79
176-->[:flutter_local_notifications] AndroidManifest.xml:26:25-76
177                <action android:name="android.intent.action.MY_PACKAGE_REPLACED" />
177-->[:flutter_local_notifications] AndroidManifest.xml:27:17-84
177-->[:flutter_local_notifications] AndroidManifest.xml:27:25-81
178                <action android:name="android.intent.action.QUICKBOOT_POWERON" />
178-->[:flutter_local_notifications] AndroidManifest.xml:28:17-82
178-->[:flutter_local_notifications] AndroidManifest.xml:28:25-79
179                <action android:name="com.htc.intent.action.QUICKBOOT_POWERON" />
179-->[:flutter_local_notifications] AndroidManifest.xml:29:17-82
179-->[:flutter_local_notifications] AndroidManifest.xml:29:25-79
180            </intent-filter>
181        </receiver>
182
183        <activity
183-->[:url_launcher_android] AndroidManifest.xml:10:9-13:74
184            android:name="io.flutter.plugins.urllauncher.WebViewActivity"
184-->[:url_launcher_android] AndroidManifest.xml:11:13-74
185            android:exported="false"
185-->[:url_launcher_android] AndroidManifest.xml:12:13-37
186            android:theme="@android:style/Theme.NoTitleBar.Fullscreen" />
186-->[:url_launcher_android] AndroidManifest.xml:13:13-71
187        <activity
187-->[com.google.firebase:firebase-auth:22.0.0] AndroidManifest.xml:29:9-46:20
188            android:name="com.google.firebase.auth.internal.GenericIdpActivity"
188-->[com.google.firebase:firebase-auth:22.0.0] AndroidManifest.xml:30:13-80
189            android:excludeFromRecents="true"
189-->[com.google.firebase:firebase-auth:22.0.0] AndroidManifest.xml:31:13-46
190            android:exported="true"
190-->[com.google.firebase:firebase-auth:22.0.0] AndroidManifest.xml:32:13-36
191            android:launchMode="singleTask"
191-->[com.google.firebase:firebase-auth:22.0.0] AndroidManifest.xml:33:13-44
192            android:theme="@android:style/Theme.Translucent.NoTitleBar" >
192-->[com.google.firebase:firebase-auth:22.0.0] AndroidManifest.xml:34:13-72
193            <intent-filter>
193-->[com.google.firebase:firebase-auth:22.0.0] AndroidManifest.xml:35:13-45:29
194                <action android:name="android.intent.action.VIEW" />
194-->src\main\AndroidManifest.xml:12:13-65
194-->src\main\AndroidManifest.xml:12:21-62
195
196                <category android:name="android.intent.category.DEFAULT" />
196-->src\main\AndroidManifest.xml:42:17-76
196-->src\main\AndroidManifest.xml:42:27-73
197                <category android:name="android.intent.category.BROWSABLE" />
197-->[com.google.firebase:firebase-auth:22.0.0] AndroidManifest.xml:39:17-78
197-->[com.google.firebase:firebase-auth:22.0.0] AndroidManifest.xml:39:27-75
198
199                <data
199-->src\main\AndroidManifest.xml:13:13-42
200                    android:host="firebase.auth"
201                    android:path="/"
202                    android:scheme="genericidp" />
202-->src\main\AndroidManifest.xml:13:19-39
203            </intent-filter>
204        </activity>
205        <activity
205-->[com.google.firebase:firebase-auth:22.0.0] AndroidManifest.xml:47:9-64:20
206            android:name="com.google.firebase.auth.internal.RecaptchaActivity"
206-->[com.google.firebase:firebase-auth:22.0.0] AndroidManifest.xml:48:13-79
207            android:excludeFromRecents="true"
207-->[com.google.firebase:firebase-auth:22.0.0] AndroidManifest.xml:49:13-46
208            android:exported="true"
208-->[com.google.firebase:firebase-auth:22.0.0] AndroidManifest.xml:50:13-36
209            android:launchMode="singleTask"
209-->[com.google.firebase:firebase-auth:22.0.0] AndroidManifest.xml:51:13-44
210            android:theme="@android:style/Theme.Translucent.NoTitleBar" >
210-->[com.google.firebase:firebase-auth:22.0.0] AndroidManifest.xml:52:13-72
211            <intent-filter>
211-->[com.google.firebase:firebase-auth:22.0.0] AndroidManifest.xml:53:13-63:29
212                <action android:name="android.intent.action.VIEW" />
212-->src\main\AndroidManifest.xml:12:13-65
212-->src\main\AndroidManifest.xml:12:21-62
213
214                <category android:name="android.intent.category.DEFAULT" />
214-->src\main\AndroidManifest.xml:42:17-76
214-->src\main\AndroidManifest.xml:42:27-73
215                <category android:name="android.intent.category.BROWSABLE" />
215-->[com.google.firebase:firebase-auth:22.0.0] AndroidManifest.xml:39:17-78
215-->[com.google.firebase:firebase-auth:22.0.0] AndroidManifest.xml:39:27-75
216
217                <data
217-->src\main\AndroidManifest.xml:13:13-42
218                    android:host="firebase.auth"
219                    android:path="/"
220                    android:scheme="recaptcha" />
220-->src\main\AndroidManifest.xml:13:19-39
221            </intent-filter>
222        </activity>
223        <activity
223-->[com.google.android.gms:play-services-auth:19.2.0] AndroidManifest.xml:23:9-27:75
224            android:name="com.google.android.gms.auth.api.signin.internal.SignInHubActivity"
224-->[com.google.android.gms:play-services-auth:19.2.0] AndroidManifest.xml:24:13-93
225            android:excludeFromRecents="true"
225-->[com.google.android.gms:play-services-auth:19.2.0] AndroidManifest.xml:25:13-46
226            android:exported="false"
226-->[com.google.android.gms:play-services-auth:19.2.0] AndroidManifest.xml:26:13-37
227            android:theme="@android:style/Theme.Translucent.NoTitleBar" />
227-->[com.google.android.gms:play-services-auth:19.2.0] AndroidManifest.xml:27:13-72
228        <!--
229            Service handling Google Sign-In user revocation. For apps that do not integrate with
230            Google Sign-In, this service will never be started.
231        -->
232        <service
232-->[com.google.android.gms:play-services-auth:19.2.0] AndroidManifest.xml:33:9-37:51
233            android:name="com.google.android.gms.auth.api.signin.RevocationBoundService"
233-->[com.google.android.gms:play-services-auth:19.2.0] AndroidManifest.xml:34:13-89
234            android:exported="true"
234-->[com.google.android.gms:play-services-auth:19.2.0] AndroidManifest.xml:35:13-36
235            android:permission="com.google.android.gms.auth.api.signin.permission.REVOCATION_NOTIFICATION"
235-->[com.google.android.gms:play-services-auth:19.2.0] AndroidManifest.xml:36:13-107
236            android:visibleToInstantApps="true" />
236-->[com.google.android.gms:play-services-auth:19.2.0] AndroidManifest.xml:37:13-48
237
238        <receiver
238-->[com.google.firebase:firebase-messaging:23.1.2] AndroidManifest.xml:31:9-38:20
239            android:name="com.google.firebase.iid.FirebaseInstanceIdReceiver"
239-->[com.google.firebase:firebase-messaging:23.1.2] AndroidManifest.xml:32:13-78
240            android:exported="true"
240-->[com.google.firebase:firebase-messaging:23.1.2] AndroidManifest.xml:33:13-36
241            android:permission="com.google.android.c2dm.permission.SEND" >
241-->[com.google.firebase:firebase-messaging:23.1.2] AndroidManifest.xml:34:13-73
242            <intent-filter>
242-->[:firebase_messaging] AndroidManifest.xml:32:13-34:29
243                <action android:name="com.google.android.c2dm.intent.RECEIVE" />
243-->[:firebase_messaging] AndroidManifest.xml:33:17-81
243-->[:firebase_messaging] AndroidManifest.xml:33:25-78
244            </intent-filter>
245        </receiver>
246        <!--
247             FirebaseMessagingService performs security checks at runtime,
248             but set to not exported to explicitly avoid allowing another app to call it.
249        -->
250        <service
250-->[com.google.firebase:firebase-messaging:23.1.2] AndroidManifest.xml:44:9-51:19
251            android:name="com.google.firebase.messaging.FirebaseMessagingService"
251-->[com.google.firebase:firebase-messaging:23.1.2] AndroidManifest.xml:45:13-82
252            android:directBootAware="true"
252-->[com.google.firebase:firebase-messaging:23.1.2] AndroidManifest.xml:46:13-43
253            android:exported="false" >
253-->[com.google.firebase:firebase-messaging:23.1.2] AndroidManifest.xml:47:13-37
254            <intent-filter android:priority="-500" >
254-->[:firebase_messaging] AndroidManifest.xml:23:13-25:29
255                <action android:name="com.google.firebase.MESSAGING_EVENT" />
255-->[:firebase_messaging] AndroidManifest.xml:24:17-78
255-->[:firebase_messaging] AndroidManifest.xml:24:25-75
256            </intent-filter>
257        </service>
258
259        <provider
259-->[com.google.firebase:firebase-common:20.3.2] AndroidManifest.xml:25:9-30:39
260            android:name="com.google.firebase.provider.FirebaseInitProvider"
260-->[com.google.firebase:firebase-common:20.3.2] AndroidManifest.xml:26:13-77
261            android:authorities="com.kitchencartage.deliveryboy.firebaseinitprovider"
261-->[com.google.firebase:firebase-common:20.3.2] AndroidManifest.xml:27:13-72
262            android:directBootAware="true"
262-->[com.google.firebase:firebase-common:20.3.2] AndroidManifest.xml:28:13-43
263            android:exported="false"
263-->[com.google.firebase:firebase-common:20.3.2] AndroidManifest.xml:29:13-37
264            android:initOrder="100" />
264-->[com.google.firebase:firebase-common:20.3.2] AndroidManifest.xml:30:13-36
265
266        <activity
266-->[com.google.android.gms:play-services-base:18.0.1] AndroidManifest.xml:20:9-22:45
267            android:name="com.google.android.gms.common.api.GoogleApiActivity"
267-->[com.google.android.gms:play-services-base:18.0.1] AndroidManifest.xml:20:19-85
268            android:exported="false"
268-->[com.google.android.gms:play-services-base:18.0.1] AndroidManifest.xml:22:19-43
269            android:theme="@android:style/Theme.Translucent.NoTitleBar" />
269-->[com.google.android.gms:play-services-base:18.0.1] AndroidManifest.xml:21:19-78
270
271        <meta-data
271-->[com.google.android.gms:play-services-basement:18.1.0] AndroidManifest.xml:21:9-23:69
272            android:name="com.google.android.gms.version"
272-->[com.google.android.gms:play-services-basement:18.1.0] AndroidManifest.xml:22:13-58
273            android:value="@integer/google_play_services_version" />
273-->[com.google.android.gms:play-services-basement:18.1.0] AndroidManifest.xml:23:13-66
274
275        <uses-library
275-->[androidx.window:window:1.0.0-beta04] AndroidManifest.xml:25:9-27:40
276            android:name="androidx.window.extensions"
276-->[androidx.window:window:1.0.0-beta04] AndroidManifest.xml:26:13-54
277            android:required="false" />
277-->[androidx.window:window:1.0.0-beta04] AndroidManifest.xml:27:13-37
278        <uses-library
278-->[androidx.window:window:1.0.0-beta04] AndroidManifest.xml:28:9-30:40
279            android:name="androidx.window.sidecar"
279-->[androidx.window:window:1.0.0-beta04] AndroidManifest.xml:29:13-51
280            android:required="false" />
280-->[androidx.window:window:1.0.0-beta04] AndroidManifest.xml:30:13-37
281
282        <service
282-->[com.google.android.datatransport:transport-backend-cct:3.1.8] AndroidManifest.xml:28:9-34:19
283            android:name="com.google.android.datatransport.runtime.backends.TransportBackendDiscovery"
283-->[com.google.android.datatransport:transport-backend-cct:3.1.8] AndroidManifest.xml:29:13-103
284            android:exported="false" >
284-->[com.google.android.datatransport:transport-backend-cct:3.1.8] AndroidManifest.xml:30:13-37
285            <meta-data
285-->[com.google.android.datatransport:transport-backend-cct:3.1.8] AndroidManifest.xml:31:13-33:39
286                android:name="backend:com.google.android.datatransport.cct.CctBackendFactory"
286-->[com.google.android.datatransport:transport-backend-cct:3.1.8] AndroidManifest.xml:32:17-94
287                android:value="cct" />
287-->[com.google.android.datatransport:transport-backend-cct:3.1.8] AndroidManifest.xml:33:17-36
288        </service>
289        <service